18:05:33.868 [INFO] [org.gradle.launcher.daemon.server.Daemon] start() called on daemon - DefaultDaemonContext[uid=e5aae0f1-8063-45ba-b9d0-7b547170d5dc,javaHome=C:\Program Files\Java\jdk1.8.0_231,daemonRegistryDir=E:\Appium_project\com_nEXCITIZEN_demo\daemon,pid=4992,idleTimeout=120000,daemonOpts=-Xmx1536m,-Dfile.encoding=windows-1252,-Duser.country=US,-Duser.language=en,-Duser.variant]
18:05:33.876 [DEBUG] [org.gradle.launcher.daemon.server.DaemonStateCoordinator] updating lastActivityAt to 1574426133876
18:05:33.908 [DEBUG] [org.gradle.messaging.remote.internal.inet.InetAddressFactory] Adding IP addresses for network interface Software Loopback Interface 1
18:05:33.908 [DEBUG] [org.gradle.messaging.remote.internal.inet.InetAddressFactory] Is this a loopback interface? true
18:05:33.912 [DEBUG] [org.gradle.messaging.remote.internal.inet.InetAddressFactory] Is this a multicast interface? true
18:05:33.912 [DEBUG] [org.gradle.messaging.remote.internal.inet.InetAddressFactory] Adding loopback address /127.0.0.1
18:05:33.916 [DEBUG] [org.gradle.messaging.remote.internal.inet.InetAddressFactory] Adding loopback address /0:0:0:0:0:0:0:1
18:05:33.916 [DEBUG] [org.gradle.messaging.remote.internal.inet.InetAddressFactory] Adding loopback multicast interface Software Loopback Interface 1
18:05:33.916 [DEBUG] [org.gradle.messaging.remote.internal.inet.InetAddressFactory] Adding IP addresses for network interface Teredo Tunneling Pseudo-Interface
18:05:33.920 [DEBUG] [org.gradle.messaging.remote.internal.inet.InetAddressFactory] Is this a loopback interface? false
18:05:33.920 [DEBUG] [org.gradle.messaging.remote.internal.inet.InetAddressFactory] Is this a multicast interface? false
18:05:33.920 [DEBUG] [org.gradle.messaging.remote.internal.inet.InetAddressFactory] Adding remote address /2001:0:348b:fb58:3061:34de:8a07:6836
18:05:33.924 [DEBUG] [org.gradle.messaging.remote.internal.inet.InetAddressFactory] Adding remote address /fe80:0:0:0:3061:34de:8a07:6836%net0
18:05:33.924 [DEBUG] [org.gradle.messaging.remote.internal.inet.InetAddressFactory] Adding IP addresses for network interface Microsoft ISATAP Adapter
18:05:33.928 [DEBUG] [org.gradle.messaging.remote.internal.inet.InetAddressFactory] Is this a loopback interface? false
18:05:33.932 [DEBUG] [org.gradle.messaging.remote.internal.inet.InetAddressFactory] Is this a multicast interface? false
18:05:33.932 [DEBUG] [org.gradle.messaging.remote.internal.inet.InetAddressFactory] Adding remote address /fe80:0:0:0:0:5efe:c0a8:b69%net1
18:05:33.932 [DEBUG] [org.gradle.messaging.remote.internal.inet.InetAddressFactory] Adding IP addresses for network interface Bluetooth Device (RFCOMM Protocol TDI)
18:05:33.932 [DEBUG] [org.gradle.messaging.remote.internal.inet.InetAddressFactory] Is this a loopback interface? false
18:05:33.936 [DEBUG] [org.gradle.messaging.remote.internal.inet.InetAddressFactory] Is this a multicast interface? true
18:05:33.936 [DEBUG] [org.gradle.messaging.remote.internal.inet.InetAddressFactory] Adding loopback multicast interface Bluetooth Device (RFCOMM Protocol TDI)
18:05:33.936 [DEBUG] [org.gradle.messaging.remote.internal.inet.InetAddressFactory] Adding IP addresses for network interface Bluetooth Device (Personal Area Network)
18:05:33.936 [DEBUG] [org.gradle.messaging.remote.internal.inet.InetAddressFactory] Is this a loopback interface? false
18:05:33.940 [DEBUG] [org.gradle.messaging.remote.internal.inet.InetAddressFactory] Is this a multicast interface? true
18:05:33.940 [DEBUG] [org.gradle.messaging.remote.internal.inet.InetAddressFactory] Adding remote address /fe80:0:0:0:4420:9070:3650:3c60%eth0
18:05:33.940 [DEBUG] [org.gradle.messaging.remote.internal.inet.InetAddressFactory] Adding remote multicast interface Bluetooth Device (Personal Area Network)
18:05:33.940 [DEBUG] [org.gradle.messaging.remote.internal.inet.InetAddressFactory] Adding IP addresses for network interface Microsoft Wi-Fi Direct Virtual Adapter
18:05:33.944 [DEBUG] [org.gradle.messaging.remote.internal.inet.InetAddressFactory] Is this a loopback interface? false
18:05:33.944 [DEBUG] [org.gradle.messaging.remote.internal.inet.InetAddressFactory] Is this a multicast interface? true
18:05:33.944 [DEBUG] [org.gradle.messaging.remote.internal.inet.InetAddressFactory] Adding remote address /fe80:0:0:0:156f:702d:256:bb2a%wlan0
18:05:33.944 [DEBUG] [org.gradle.messaging.remote.internal.inet.InetAddressFactory] Adding remote multicast interface Microsoft Wi-Fi Direct Virtual Adapter
18:05:33.948 [DEBUG] [org.gradle.messaging.remote.internal.inet.InetAddressFactory] Adding IP addresses for network interface Microsoft Kernel Debug Network Adapter
18:05:33.948 [DEBUG] [org.gradle.messaging.remote.internal.inet.InetAddressFactory] Is this a loopback interface? false
18:05:33.952 [DEBUG] [org.gradle.messaging.remote.internal.inet.InetAddressFactory] Is this a multicast interface? true
18:05:33.952 [DEBUG] [org.gradle.messaging.remote.internal.inet.InetAddressFactory] Adding loopback multicast interface Microsoft Kernel Debug Network Adapter
18:05:33.952 [DEBUG] [org.gradle.messaging.remote.internal.inet.InetAddressFactory] Adding IP addresses for network interface Intel(R) 82579LM Gigabit Network Connection
18:05:33.952 [DEBUG] [org.gradle.messaging.remote.internal.inet.InetAddressFactory] Is this a loopback interface? false
18:05:33.956 [DEBUG] [org.gradle.messaging.remote.internal.inet.InetAddressFactory] Is this a multicast interface? true
18:05:33.956 [DEBUG] [org.gradle.messaging.remote.internal.inet.InetAddressFactory] Adding remote address /fe80:0:0:0:41c3:120:d8e7:abfb%eth2
18:05:33.956 [DEBUG] [org.gradle.messaging.remote.internal.inet.InetAddressFactory] Adding remote multicast interface Intel(R) 82579LM Gigabit Network Connection
18:05:33.956 [DEBUG] [org.gradle.messaging.remote.internal.inet.InetAddressFactory] Adding IP addresses for network interface Intel(R) Centrino(R) Advanced-N 6205
18:05:33.960 [DEBUG] [org.gradle.messaging.remote.internal.inet.InetAddressFactory] Is this a loopback interface? false
18:05:33.960 [DEBUG] [org.gradle.messaging.remote.internal.inet.InetAddressFactory] Is this a multicast interface? true
18:05:33.964 [DEBUG] [org.gradle.messaging.remote.internal.inet.InetAddressFactory] Adding remote address /192.168.11.105
18:05:33.964 [DEBUG] [org.gradle.messaging.remote.internal.inet.InetAddressFactory] Adding remote address /fe80:0:0:0:844b:aab:4618:5643%wlan1
18:05:33.964 [DEBUG] [org.gradle.messaging.remote.internal.inet.InetAddressFactory] Adding remote multicast interface Intel(R) Centrino(R) Advanced-N 6205
18:05:33.964 [DEBUG] [org.gradle.messaging.remote.internal.inet.InetAddressFactory] Adding IP addresses for network interface Intel(R) 82579LM Gigabit Network Connection-WFP Native MAC Layer LightWeight Filter-0000
18:05:33.968 [DEBUG] [org.gradle.messaging.remote.internal.inet.InetAddressFactory] Is this a loopback interface? false
18:05:33.968 [DEBUG] [org.gradle.messaging.remote.internal.inet.InetAddressFactory] Is this a multicast interface? true
18:05:33.968 [DEBUG] [org.gradle.messaging.remote.internal.inet.InetAddressFactory] Adding loopback multicast interface Intel(R) 82579LM Gigabit Network Connection-WFP Native MAC Layer LightWeight Filter-0000
18:05:33.968 [DEBUG] [org.gradle.messaging.remote.internal.inet.InetAddressFactory] Adding IP addresses for network interface Intel(R) 82579LM Gigabit Network Connection-QoS Packet Scheduler-0000
18:05:33.968 [DEBUG] [org.gradle.messaging.remote.internal.inet.InetAddressFactory] Is this a loopback interface? false
18:05:33.972 [DEBUG] [org.gradle.messaging.remote.internal.inet.InetAddressFactory] Is this a multicast interface? true
18:05:33.972 [DEBUG] [org.gradle.messaging.remote.internal.inet.InetAddressFactory] Adding loopback multicast interface Intel(R) 82579LM Gigabit Network Connection-QoS Packet Scheduler-0000
18:05:33.972 [DEBUG] [org.gradle.messaging.remote.internal.inet.InetAddressFactory] Adding IP addresses for network interface Intel(R) 82579LM Gigabit Network Connection-WFP 802.3 MAC Layer LightWeight Filter-0000
18:05:33.972 [DEBUG] [org.gradle.messaging.remote.internal.inet.InetAddressFactory] Is this a loopback interface? false
18:05:33.972 [DEBUG] [org.gradle.messaging.remote.internal.inet.InetAddressFactory] Is this a multicast interface? true
18:05:33.972 [DEBUG] [org.gradle.messaging.remote.internal.inet.InetAddressFactory] Adding loopback multicast interface Intel(R) 82579LM Gigabit Network Connection-WFP 802.3 MAC Layer LightWeight Filter-0000
18:05:33.976 [DEBUG] [org.gradle.messaging.remote.internal.inet.InetAddressFactory] Adding IP addresses for network interface Intel(R) Centrino(R) Advanced-N 6205-WFP Native MAC Layer LightWeight Filter-0000
18:05:33.976 [DEBUG] [org.gradle.messaging.remote.internal.inet.InetAddressFactory] Is this a loopback interface? false
18:05:33.976 [DEBUG] [org.gradle.messaging.remote.internal.inet.InetAddressFactory] Is this a multicast interface? true
18:05:33.976 [DEBUG] [org.gradle.messaging.remote.internal.inet.InetAddressFactory] Adding loopback multicast interface Intel(R) Centrino(R) Advanced-N 6205-WFP Native MAC Layer LightWeight Filter-0000
18:05:33.976 [DEBUG] [org.gradle.messaging.remote.internal.inet.InetAddressFactory] Adding IP addresses for network interface Intel(R) Centrino(R) Advanced-N 6205-Virtual WiFi Filter Driver-0000
18:05:33.980 [DEBUG] [org.gradle.messaging.remote.internal.inet.InetAddressFactory] Is this a loopback interface? false
18:05:33.980 [DEBUG] [org.gradle.messaging.remote.internal.inet.InetAddressFactory] Is this a multicast interface? true
18:05:33.984 [DEBUG] [org.gradle.messaging.remote.internal.inet.InetAddressFactory] Adding loopback multicast interface Intel(R) Centrino(R) Advanced-N 6205-Virtual WiFi Filter Driver-0000
18:05:33.984 [DEBUG] [org.gradle.messaging.remote.internal.inet.InetAddressFactory] Adding IP addresses for network interface Intel(R) Centrino(R) Advanced-N 6205-Native WiFi Filter Driver-0000
18:05:33.984 [DEBUG] [org.gradle.messaging.remote.internal.inet.InetAddressFactory] Is this a loopback interface? false
18:05:33.988 [DEBUG] [org.gradle.messaging.remote.internal.inet.InetAddressFactory] Is this a multicast interface? true
18:05:33.988 [DEBUG] [org.gradle.messaging.remote.internal.inet.InetAddressFactory] Adding loopback multicast interface Intel(R) Centrino(R) Advanced-N 6205-Native WiFi Filter Driver-0000
18:05:33.988 [DEBUG] [org.gradle.messaging.remote.internal.inet.InetAddressFactory] Adding IP addresses for network interface Intel(R) Centrino(R) Advanced-N 6205-QoS Packet Scheduler-0000
18:05:33.992 [DEBUG] [org.gradle.messaging.remote.internal.inet.InetAddressFactory] Is this a loopback interface? false
18:05:33.996 [DEBUG] [org.gradle.messaging.remote.internal.inet.InetAddressFactory] Is this a multicast interface? true
18:05:33.996 [DEBUG] [org.gradle.messaging.remote.internal.inet.InetAddressFactory] Adding loopback multicast interface Intel(R) Centrino(R) Advanced-N 6205-QoS Packet Scheduler-0000
18:05:33.996 [DEBUG] [org.gradle.messaging.remote.internal.inet.InetAddressFactory] Adding IP addresses for network interface Intel(R) Centrino(R) Advanced-N 6205-WFP 802.3 MAC Layer LightWeight Filter-0000
18:05:34.000 [DEBUG] [org.gradle.messaging.remote.internal.inet.InetAddressFactory] Is this a loopback interface? false
18:05:34.000 [DEBUG] [org.gradle.messaging.remote.internal.inet.InetAddressFactory] Is this a multicast interface? true
18:05:34.000 [DEBUG] [org.gradle.messaging.remote.internal.inet.InetAddressFactory] Adding loopback multicast interface Intel(R) Centrino(R) Advanced-N 6205-WFP 802.3 MAC Layer LightWeight Filter-0000
18:05:34.000 [DEBUG] [org.gradle.messaging.remote.internal.inet.InetAddressFactory] Adding IP addresses for network interface Microsoft Wi-Fi Direct Virtual Adapter-WFP Native MAC Layer LightWeight Filter-0000
18:05:34.004 [DEBUG] [org.gradle.messaging.remote.internal.inet.InetAddressFactory] Is this a loopback interface? false
18:05:34.004 [DEBUG] [org.gradle.messaging.remote.internal.inet.InetAddressFactory] Is this a multicast interface? true
18:05:34.004 [DEBUG] [org.gradle.messaging.remote.internal.inet.InetAddressFactory] Adding loopback multicast interface Microsoft Wi-Fi Direct Virtual Adapter-WFP Native MAC Layer LightWeight Filter-0000
18:05:34.004 [DEBUG] [org.gradle.messaging.remote.internal.inet.InetAddressFactory] Adding IP addresses for network interface Microsoft Wi-Fi Direct Virtual Adapter-Native WiFi Filter Driver-0000
18:05:34.004 [DEBUG] [org.gradle.messaging.remote.internal.inet.InetAddressFactory] Is this a loopback interface? false
18:05:34.008 [DEBUG] [org.gradle.messaging.remote.internal.inet.InetAddressFactory] Is this a multicast interface? true
18:05:34.008 [DEBUG] [org.gradle.messaging.remote.internal.inet.InetAddressFactory] Adding loopback multicast interface Microsoft Wi-Fi Direct Virtual Adapter-Native WiFi Filter Driver-0000
18:05:34.008 [DEBUG] [org.gradle.messaging.remote.internal.inet.InetAddressFactory] Adding IP addresses for network interface Microsoft Wi-Fi Direct Virtual Adapter-QoS Packet Scheduler-0000
18:05:34.008 [DEBUG] [org.gradle.messaging.remote.internal.inet.InetAddressFactory] Is this a loopback interface? false
18:05:34.008 [DEBUG] [org.gradle.messaging.remote.internal.inet.InetAddressFactory] Is this a multicast interface? true
18:05:34.008 [DEBUG] [org.gradle.messaging.remote.internal.inet.InetAddressFactory] Adding loopback multicast interface Microsoft Wi-Fi Direct Virtual Adapter-QoS Packet Scheduler-0000
18:05:34.008 [DEBUG] [org.gradle.messaging.remote.internal.inet.InetAddressFactory] Adding IP addresses for network interface Microsoft Wi-Fi Direct Virtual Adapter-WFP 802.3 MAC Layer LightWeight Filter-0000
18:05:34.012 [DEBUG] [org.gradle.messaging.remote.internal.inet.InetAddressFactory] Is this a loopback interface? false
18:05:34.012 [DEBUG] [org.gradle.messaging.remote.internal.inet.InetAddressFactory] Is this a multicast interface? true
18:05:34.012 [DEBUG] [org.gradle.messaging.remote.internal.inet.InetAddressFactory] Adding loopback multicast interface Microsoft Wi-Fi Direct Virtual Adapter-WFP 802.3 MAC Layer LightWeight Filter-0000
18:05:34.016 [DEBUG] [org.gradle.messaging.remote.internal.inet.TcpIncomingConnector] Listening on [9692e2d8-d486-4cb5-8169-5b3eff62061a port:57180, addresses:[/127.0.0.1, /0:0:0:0:0:0:0:1]].
18:05:34.020 [DEBUG] [org.gradle.launcher.daemon.server.Daemon] Daemon starting at: Fri Nov 22 18:05:34 IST 2019, with address: [9692e2d8-d486-4cb5-8169-5b3eff62061a port:57180, addresses:[/127.0.0.1, /0:0:0:0:0:0:0:1]]
18:05:34.024 [INFO] [org.gradle.launcher.daemon.server.DomainRegistryUpdater] Advertising the daemon address to the clients: [9692e2d8-d486-4cb5-8169-5b3eff62061a port:57180, addresses:[/127.0.0.1, /0:0:0:0:0:0:0:1]]
18:05:34.024 [DEBUG] [org.gradle.launcher.daemon.server.DomainRegistryUpdater] Advertised daemon context: DefaultDaemonContext[uid=e5aae0f1-8063-45ba-b9d0-7b547170d5dc,javaHome=C:\Program Files\Java\jdk1.8.0_231,daemonRegistryDir=E:\Appium_project\com_nEXCITIZEN_demo\daemon,pid=4992,idleTimeout=120000,daemonOpts=-Xmx1536m,-Dfile.encoding=windows-1252,-Duser.country=US,-Duser.language=en,-Duser.variant]
18:05:34.024 [DEBUG] [org.gradle.launcher.daemon.registry.PersistentDaemonRegistry] Storing daemon address: [9692e2d8-d486-4cb5-8169-5b3eff62061a port:57180, addresses:[/127.0.0.1, /0:0:0:0:0:0:0:1]], context: DefaultDaemonContext[uid=e5aae0f1-8063-45ba-b9d0-7b547170d5dc,javaHome=C:\Program Files\Java\jdk1.8.0_231,daemonRegistryDir=E:\Appium_project\com_nEXCITIZEN_demo\daemon,pid=4992,idleTimeout=120000,daemonOpts=-Xmx1536m,-Dfile.encoding=windows-1252,-Duser.country=US,-Duser.language=en,-Duser.variant]
18:05:34.040 [DEBUG] [org.gradle.cache.internal.DefaultFileLockManager] Waiting to acquire exclusive lock on daemon addresses registry.
18:05:34.048 [DEBUG] [org.gradle.cache.internal.DefaultFileLockManager] Lock acquired.
18:05:34.136 [DEBUG] [org.gradle.cache.internal.DefaultFileLockManager] Releasing lock on daemon addresses registry.
18:05:34.140 [LIFECYCLE] [org.gradle.launcher.daemon.server.Daemon] Daemon server started.
18:05:34.144 [DEBUG] [org.gradle.launcher.daemon.bootstrap.DaemonStartupCommunication] Completed writing the daemon greeting. Closing streams...
18:05:34.144 [DEBUG] [org.gradle.launcher.daemon.server.Daemon] requestStopOnIdleTimeout(120000 MILLISECONDS) called on daemon
18:05:34.144 [DEBUG] [org.gradle.launcher.daemon.server.DaemonStateCoordinator] Idle timeout: waiting for daemon to stop or be idle for 120000ms
18:05:34.148 [DEBUG] [org.gradle.launcher.daemon.server.DaemonStateCoordinator] Daemon is idle, sleeping until state change or idle timeout at Fri Nov 22 18:07:33 IST 2019
18:05:34.300 [DEBUG] [org.gradle.messaging.remote.internal.inet.TcpIncomingConnector] Accepted connection from /127.0.0.1:57181 to /127.0.0.1:57180.
18:05:34.356 [DEBUG] [org.gradle.launcher.daemon.server.SynchronizedDispatchConnection] thread 15: received class org.gradle.launcher.daemon.protocol.BuildAndStop
18:05:34.356 [DEBUG] [org.gradle.launcher.daemon.server.DefaultDaemonConnection] Received non-IO message from client: BuildAndStop{id=eaff7740-ebbb-464b-99aa-dd331e961c25.1, currentDir=E:\Appium_project\com_nEXCITIZEN_demo}
18:05:34.356 [INFO] [org.gradle.launcher.daemon.server.DefaultIncomingConnectionHandler] Received command: BuildAndStop{id=eaff7740-ebbb-464b-99aa-dd331e961c25.1, currentDir=E:\Appium_project\com_nEXCITIZEN_demo}.
18:05:34.356 [DEBUG] [org.gradle.launcher.daemon.server.DefaultIncomingConnectionHandler] Starting executing command: BuildAndStop{id=eaff7740-ebbb-464b-99aa-dd331e961c25.1, currentDir=E:\Appium_project\com_nEXCITIZEN_demo} with connection: socket connection from /127.0.0.1:57180 to /127.0.0.1:57181.
18:05:34.364 [DEBUG] [org.gradle.launcher.daemon.server.DaemonStateCoordinator] Command execution: started DaemonCommandExecution[command = BuildAndStop{id=eaff7740-ebbb-464b-99aa-dd331e961c25.1, currentDir=E:\Appium_project\com_nEXCITIZEN_demo}, connection = org.gradle.launcher.daemon.server.DefaultDaemonConnection@3c304923] after 0.0 minutes of idle
18:05:34.364 [INFO] [org.gradle.launcher.daemon.server.DomainRegistryUpdater] Marking the daemon as busy, address: [9692e2d8-d486-4cb5-8169-5b3eff62061a port:57180, addresses:[/127.0.0.1, /0:0:0:0:0:0:0:1]]
18:05:34.364 [DEBUG] [org.gradle.launcher.daemon.registry.PersistentDaemonRegistry] Marking busy by address: [9692e2d8-d486-4cb5-8169-5b3eff62061a port:57180, addresses:[/127.0.0.1, /0:0:0:0:0:0:0:1]]
18:05:34.372 [DEBUG] [org.gradle.cache.internal.DefaultFileLockManager] Waiting to acquire exclusive lock on daemon addresses registry.
18:05:34.376 [DEBUG] [org.gradle.cache.internal.DefaultFileLockManager] Lock acquired.
18:05:34.380 [DEBUG] [org.gradle.cache.internal.DefaultFileLockManager] Releasing lock on daemon addresses registry.
18:05:34.384 [DEBUG] [org.gradle.launcher.daemon.server.DaemonStateCoordinator] updating lastActivityAt to 1574426134384
18:05:34.388 [DEBUG] [org.gradle.launcher.daemon.server.DaemonStateCoordinator] Daemon is busy, sleeping until state changes.
18:05:34.388 [INFO] [org.gradle.launcher.daemon.server.exec.StartBuildOrRespondWithBusy] Daemon is about to start building BuildAndStop{id=eaff7740-ebbb-464b-99aa-dd331e961c25.1, currentDir=E:\Appium_project\com_nEXCITIZEN_demo}. Dispatching build started information...
18:05:34.388 [DEBUG] [org.gradle.launcher.daemon.server.SynchronizedDispatchConnection] thread 17: dispatching class org.gradle.launcher.daemon.protocol.BuildStarted
18:05:34.392 [DEBUG] [org.gradle.launcher.daemon.server.exec.EstablishBuildEnvironment] Configuring env variables: {PROCESSOR_LEVEL=6, RUN_DISPLAY_URL=http://localhost:8080/job/Report/11/display/redirect, HUDSON_HOME=C:\Program Files (x86)\Jenkins, RUN_CHANGES_DISPLAY_URL=http://localhost:8080/job/Report/11/display/redirect?page=changes, JOB_URL=http://localhost:8080/job/Report/, WINSW_SERVICE_ID=Jenkins, HUDSON_COOKIE=8c13a696-63b5-4a0e-8b37-526d9f9a1c2b, ALLUSERSPROFILE=C:\ProgramData, PROCESSOR_ARCHITECTURE=AMD64, ANDROID_HOME=C:\Users\Subhradip Sinha\AppData\Local\Android\Sdk, PSModulePath=C:\Windows\system32\WindowsPowerShell\v1.0\Modules\;C:\Program Files (x86)\AutoIt3\AutoItX, SystemDrive=C:, =E:=E:\Appium_project\com_nEXCITIZEN_demo, JENKINS_SERVER_COOKIE=e893ea7e260722e9, DIRNAME=C:\Program Files (x86)\Jenkins\tools\hudson.plugins.gradle.GradleInstallation\Gradle_2.2\bin\, SERVICE_ID=Jenkins, USERNAME=DESKTOP-E7S6MJ8$, ProgramFiles(x86)=C:\Program Files (x86), JENKINS_URL=http://localhost:8080/, POM_VERSION=1.0-SNAPSHOT, APP_HOME=C:\Program Files (x86)\Jenkins\tools\hudson.plugins.gradle.GradleInstallation\Gradle_2.2\bin\.., BUILD_TAG=jenkins-Report-11, PATHEXT=.COM;.EXE;.BAT;.CMD;.VBS;.VBE;.JS;.JSE;.WSF;.WSH;.MSC, POM_GROUPID=demo_appium_first, JENKINS_HOME=C:\Program Files (x86)\Jenkins, ProgramData=C:\ProgramData, ProgramW6432=C:\Program Files, NODE_NAME=master, BUILD_DISPLAY_NAME=#11, PROCESSOR_IDENTIFIER=Intel64 Family 6 Model 58 Stepping 9, GenuineIntel, JOB_DISPLAY_URL=http://localhost:8080/job/Report/display/redirect, M2_HOME=C:\Program Files\apachemaven, WINSW_EXECUTABLE=C:\Program Files (x86)\Jenkins\jenkins.exe, ProgramFiles=C:\Program Files, PUBLIC=C:\Users\Public, windir=C:\Windows, _SKIP=2, Java_Home=C:\Program Files\Java\jdk1.8.0_231, LOCALAPPDATA=C:\Windows\system32\config\systemprofile\AppData\Local, POM_PACKAGING=jar, USERDOMAIN=WORKGROUP, PROMPT=$P$G, BUILD_ID=11, BASE=C:\Program Files (x86)\Jenkins, GRADLE_HOME=C:\Program Files (x86)\Jenkins\tools\hudson.plugins.gradle.GradleInstallation\Gradle_2.2, JOB_NAME=Report, ANT_HOME=C:\Program Files (x86)\Jenkins\tools\hudson.tasks.Ant_AntInstallation\LocalAnt, POM_ARTIFACTID=First_appium_demo, APPDATA=C:\Windows\system32\config\systemprofile\AppData\Roaming, GRADLE_USER_HOME=E:\Appium_project\com_nEXCITIZEN_demo, NODE_LABELS=master, HUDSON_URL=http://localhost:8080/, JAVA_EXE=C:\Program Files\Java\jdk1.8.0_231/bin/java.exe, WORKSPACE=E:\Appium_project\com_nEXCITIZEN_demo, CommonProgramFiles=C:\Program Files\Common Files, Path=C:\Program Files\apachemaven/bin;C:\Program Files\Java\jdk1.8.0_231/bin;C:\Program Files (x86)\Jenkins\tools\chromedriver;C:\Program Files\Java\jdk1.8.0_231/bin;C:\Program Files (x86)\Jenkins\tools\hudson.tasks.Ant_AntInstallation\LocalAnt/bin;C:\Program Files\Java\jdk1.8.0_231/bin;C:\Program Files\Java\jdk1.8.0_231\bin;, Maven_Home=C:\Program Files\apachemaven, OS=Windows_NT, COMPUTERNAME=DESKTOP-E7S6MJ8, EXECUTOR_NUMBER=0, HUDSON_SERVER_COOKIE=e893ea7e260722e9, JOB_BASE_NAME=Report, PROCESSOR_REVISION=3a09, CLASSPATH=C:\Program Files (x86)\Jenkins\tools\hudson.plugins.gradle.GradleInstallation\Gradle_2.2\bin\..\lib\gradle-launcher-2.2.jar, CommonProgramW6432=C:\Program Files\Common Files, ComSpec=C:\Windows\system32\cmd.exe, APP_BASE_NAME=gradle, BUILD_NUMBER=11, SystemRoot=C:\Windows, TEMP=C:\Windows\TEMP, BUILD_URL=http://localhost:8080/job/Report/11/, USERPROFILE=C:\Windows\system32\config\systemprofile, TMP=C:\Windows\TEMP, CommonProgramFiles(x86)=C:\Program Files (x86)\Common Files, POM_DISPLAYNAME=First_appium_demo, NUMBER_OF_PROCESSORS=4}
18:05:34.404 [DEBUG] [org.gradle.launcher.daemon.server.SynchronizedDispatchConnection] thread 15: received class org.gradle.launcher.daemon.protocol.CloseInput
18:05:34.404 [DEBUG] [org.gradle.launcher.daemon.server.DefaultDaemonConnection] Received IO message from client: CloseInput[id=eaff7740-ebbb-464b-99aa-dd331e961c25.2]
18:05:34.408 [INFO] [org.gradle.launcher.daemon.server.exec.LogToClient] About to start relaying all logs to the client via the connection.
18:05:34.412 [INFO] [org.gradle.launcher.daemon.server.exec.LogToClient] The client will now receive all logging from the daemon (pid: 4992). The daemon log file: E:\Appium_project\com_nEXCITIZEN_demo\daemon\2.2\daemon-4992.out.log
18:05:34.412 [DEBUG] [org.gradle.launcher.daemon.server.exec.StartStopIfBuildAndStop] Requesting daemon stop after processing BuildAndStop{id=eaff7740-ebbb-464b-99aa-dd331e961c25.1, currentDir=E:\Appium_project\com_nEXCITIZEN_demo}
18:05:34.416 [DEBUG] [org.gradle.launcher.daemon.server.DaemonStateCoordinator] Stop as soon as idle requested. The daemon is busy: true
18:05:34.416 [DEBUG] [org.gradle.launcher.daemon.server.DaemonStateCoordinator] Idle timeout: daemon stop has been requested. Sleeping until state changes.
18:05:34.416 [INFO] [org.gradle.launcher.daemon.server.exec.ForwardClientInput] Closing daemon's stdin at end of input.
18:05:34.420 [DEBUG] [org.gradle.launcher.daemon.server.exec.ExecuteBuild] The daemon has started executing the build.
18:05:34.420 [INFO] [org.gradle.launcher.daemon.server.exec.ForwardClientInput] The daemon will no longer process any standard input.
18:05:34.420 [INFO] [org.gradle.launcher.daemon.server.exec.ExecuteBuild] Executing build with daemon context: DefaultDaemonContext[uid=e5aae0f1-8063-45ba-b9d0-7b547170d5dc,javaHome=C:\Program Files\Java\jdk1.8.0_231,daemonRegistryDir=E:\Appium_project\com_nEXCITIZEN_demo\daemon,pid=4992,idleTimeout=120000,daemonOpts=-Xmx1536m,-Dfile.encoding=windows-1252,-Duser.country=US,-Duser.language=en,-Duser.variant]
:help

Welcome to Gradle 2.2.

To run a build, run gradle <task> ...

To see a list of available tasks, run gradle tasks

To see a list of command-line options, run gradle --help

BUILD SUCCESSFUL

Total time: 4.506 secs
18:05:36.058 [DEBUG] [org.gradle.cache.internal.DefaultCacheAccess] Cache Plugin Resolution Cache (E:\Appium_project\com_nEXCITIZEN_demo\caches\2.2\plugin-resolution) was closed 0 times.
18:05:36.059 [DEBUG] [org.gradle.cache.internal.DefaultFileLockManager] Releasing lock on buildscript class cache for settings file 'E:\Appium_project\settings.gradle' (E:\Appium_project\com_nEXCITIZEN_demo\caches\2.2\scripts\settings_45nkkcrha50lwxgt19eka4zvu\SettingsScript\buildscript).
18:05:36.060 [DEBUG] [org.gradle.cache.internal.DefaultFileLockManager] Releasing lock on no_buildscript class cache for settings file 'E:\Appium_project\settings.gradle' (E:\Appium_project\com_nEXCITIZEN_demo\caches\2.2\scripts\settings_45nkkcrha50lwxgt19eka4zvu\SettingsScript\no_buildscript).
18:05:36.060 [DEBUG] [org.gradle.cache.internal.DefaultCacheAccess] Cache artifact cache (E:\Appium_project\com_nEXCITIZEN_demo\caches\modules-2) was closed 0 times.
18:05:36.061 [DEBUG] [org.gradle.cache.internal.DefaultCacheAccess] Cache task history cache (E:\Appium_project\com_nEXCITIZEN_demo\.gradle\2.2\taskArtifacts) was closed 0 times.
18:05:36.064 [DEBUG] [org.gradle.api.internal.artifacts.ivyservice.ivyresolve.memcache.InMemoryCachedRepositoryFactory] In-memory dependency metadata cache closed. Repos cached: 0, cache instances: 0, modules served from cache: 0, artifacts: 0
18:05:36.065 [DEBUG] [org.gradle.api.internal.artifacts.ivyservice.resolveengine.store.ResolutionResultsStoreFactory] Deleted 0 resolution results binary files in 0.0 secs
18:05:36.065 [DEBUG] [org.gradle.launcher.daemon.server.exec.ExecuteBuild] The daemon has finished executing the build.
18:05:36.126 [DEBUG] [org.gradle.launcher.daemon.server.DaemonStateCoordinator] Idle timeout: daemon stop has been requested. Sleeping until state changes.
18:05:36.127 [DEBUG] [org.gradle.launcher.daemon.server.DaemonStateCoordinator] Command execution: finished waiting for DaemonCommandExecution[command = BuildAndStop{id=eaff7740-ebbb-464b-99aa-dd331e961c25.1, currentDir=E:\Appium_project\com_nEXCITIZEN_demo}, connection = org.gradle.launcher.daemon.server.DefaultDaemonConnection@3c304923]. Result org.gradle.launcher.daemon.server.DaemonStateCoordinator@163e69cd with state StopRequested
18:05:36.127 [DEBUG] [org.gradle.launcher.daemon.server.DaemonStateCoordinator] Command execution: completed DaemonCommandExecution[command = BuildAndStop{id=eaff7740-ebbb-464b-99aa-dd331e961c25.1, currentDir=E:\Appium_project\com_nEXCITIZEN_demo}, connection = org.gradle.launcher.daemon.server.DefaultDaemonConnection@3c304923]
18:05:36.128 [DEBUG] [org.gradle.launcher.daemon.server.DaemonStateCoordinator] updating lastActivityAt to 1574426136128
18:05:36.128 [DEBUG] [org.gradle.launcher.daemon.server.DaemonStateCoordinator] Marking daemon stopped due to command completed and stop requested. The daemon is running a build: false
18:05:36.129 [DEBUG] [org.gradle.launcher.daemon.server.DaemonStateCoordinator] Idle timeout: daemon has stopped.
18:05:36.129 [DEBUG] [org.gradle.launcher.daemon.server.exec.ReturnResult] Daemon is dispatching the build result: DaemonCommandResult[type=Success, value=null]
18:05:36.129 [DEBUG] [org.gradle.launcher.daemon.server.Daemon] stop() called on daemon
18:05:36.129 [DEBUG] [org.gradle.launcher.daemon.server.SynchronizedDispatchConnection] thread 14: dispatching class org.gradle.launcher.daemon.protocol.Success
18:05:36.130 [INFO] [org.gradle.launcher.daemon.server.Daemon] Stop requested. Daemon is removing its presence from the registry...
18:05:36.131 [DEBUG] [org.gradle.launcher.daemon.server.DomainRegistryUpdater] Removing our presence to clients, eg. removing this address from the registry: [9692e2d8-d486-4cb5-8169-5b3eff62061a port:57180, addresses:[/127.0.0.1, /0:0:0:0:0:0:0:1]]
18:05:36.131 [DEBUG] [org.gradle.launcher.daemon.registry.PersistentDaemonRegistry] Removing daemon address: [9692e2d8-d486-4cb5-8169-5b3eff62061a port:57180, addresses:[/127.0.0.1, /0:0:0:0:0:0:0:1]]
18:05:36.133 [DEBUG] [org.gradle.cache.internal.DefaultFileLockManager] Waiting to acquire exclusive lock on daemon addresses registry.
18:05:36.134 [DEBUG] [org.gradle.launcher.daemon.server.DefaultIncomingConnectionHandler] Finishing executing command: BuildAndStop{id=eaff7740-ebbb-464b-99aa-dd331e961c25.1, currentDir=E:\Appium_project\com_nEXCITIZEN_demo}
18:05:36.139 [DEBUG] [org.gradle.launcher.daemon.server.SynchronizedDispatchConnection] thread 15: received class org.gradle.launcher.daemon.protocol.Finished
18:05:36.139 [DEBUG] [org.gradle.launcher.daemon.server.DefaultDaemonConnection] Received non-IO message from client: org.gradle.launcher.daemon.protocol.Finished@725f9f42
18:05:36.140 [DEBUG] [org.gradle.launcher.daemon.server.DefaultIncomingConnectionHandler] Received finished message: org.gradle.launcher.daemon.protocol.Finished@725f9f42
18:05:36.140 [DEBUG] [org.gradle.cache.internal.DefaultFileLockManager] Lock acquired.
18:05:36.140 [DEBUG] [org.gradle.launcher.daemon.server.SynchronizedDispatchConnection] thread 14: stopping connection
18:05:36.143 [DEBUG] [org.gradle.launcher.daemon.server.SynchronizedDispatchConnection] thread 15: received null
18:05:36.144 [DEBUG] [org.gradle.launcher.daemon.server.DefaultDaemonConnection] Received end-of-input from client.
18:05:36.145 [DEBUG] [org.gradle.launcher.daemon.server.SynchronizedDispatchConnection] thread 14: stopping connection
18:05:36.152 [DEBUG] [org.gradle.cache.internal.DefaultFileLockManager] Releasing lock on daemon addresses registry.
18:05:36.160 [DEBUG] [org.gradle.launcher.daemon.server.DomainRegistryUpdater] Address removed from registry.
18:05:36.164 [DEBUG] [org.gradle.launcher.daemon.registry.PersistentDaemonRegistry] Removing daemon address: [9692e2d8-d486-4cb5-8169-5b3eff62061a port:57180, addresses:[/127.0.0.1, /0:0:0:0:0:0:0:1]]
18:05:36.165 [DEBUG] [org.gradle.cache.internal.DefaultFileLockManager] Waiting to acquire exclusive lock on daemon addresses registry.
Daemon vm is shutting down... The daemon has exited normally or was terminated in response to a user interrupt.
18:05:36.166 [DEBUG] [org.gradle.cache.internal.DefaultFileLockManager] Lock acquired.
18:05:36.171 [DEBUG] [org.gradle.cache.internal.DefaultFileLockManager] Releasing lock on daemon addresses registry.
